<?xml version="1.0" encoding="UTF-8"?>
<coverage generated="1777452773314" clover="3.2.0">
  <project timestamp="1777452773314" name="All files">
    <metrics statements="39" coveredstatements="39" conditionals="10" coveredconditionals="8" methods="14" coveredmethods="14" elements="63" coveredelements="61" complexity="0" loc="39" ncloc="39" packages="1" files="1" classes="1"/>
    <file name="editor.ts" path="/app/src/lib/editor.ts">
      <metrics statements="39" coveredstatements="39" conditionals="10" coveredconditionals="8" methods="14" coveredmethods="14"/>
      <line num="3" count="1" type="stmt"/>
      <line num="21" count="5" type="stmt"/>
      <line num="39" count="5" type="stmt"/>
      <line num="40" count="5" type="stmt"/>
      <line num="41" count="5" type="stmt"/>
      <line num="42" count="5" type="stmt"/>
      <line num="43" count="5" type="cond" truecount="2" falsecount="0"/>
      <line num="44" count="2" type="stmt"/>
      <line num="47" count="3" type="stmt"/>
      <line num="54" count="5" type="stmt"/>
      <line num="64" count="1" type="stmt"/>
      <line num="65" count="1" type="stmt"/>
      <line num="66" count="1" type="stmt"/>
      <line num="76" count="1" type="stmt"/>
      <line num="77" count="1" type="stmt"/>
      <line num="80" count="1" type="stmt"/>
      <line num="81" count="1" type="stmt"/>
      <line num="91" count="1" type="stmt"/>
      <line num="92" count="1" type="stmt"/>
      <line num="95" count="1" type="stmt"/>
      <line num="96" count="1" type="stmt"/>
      <line num="107" count="2" type="stmt"/>
      <line num="108" count="2" type="cond" truecount="2" falsecount="0"/>
      <line num="109" count="1" type="stmt"/>
      <line num="110" count="1" type="stmt"/>
      <line num="113" count="1" type="cond" truecount="1" falsecount="1"/>
      <line num="114" count="1" type="stmt"/>
      <line num="115" count="1" type="stmt"/>
      <line num="127" count="1" type="stmt"/>
      <line num="128" count="1" type="stmt"/>
      <line num="129" count="1" type="stmt"/>
      <line num="130" count="4" type="stmt"/>
      <line num="131" count="3" type="stmt"/>
      <line num="133" count="1" type="stmt"/>
      <line num="134" count="4" type="stmt"/>
      <line num="135" count="3" type="stmt"/>
      <line num="138" count="1" type="cond" truecount="1" falsecount="1"/>
      <line num="139" count="1" type="stmt"/>
      <line num="146" count="1" type="stmt"/>
    </file>
  </project>
</coverage>
