{"/app/src/lib/editor.ts": {"path":"/app/src/lib/editor.ts","statementMap":{"0":{"start":{"line":3,"column":12},"end":{"line":3,"column":32}},"1":{"start":{"line":21,"column":2},"end":{"line":25,"column":null}},"2":{"start":{"line":39,"column":33},"end":{"line":39,"column":null}},"3":{"start":{"line":40,"column":2},"end":{"line":54,"column":null}},"4":{"start":{"line":41,"column":4},"end":{"line":41,"column":null}},"5":{"start":{"line":42,"column":16},"end":{"line":42,"column":63}},"6":{"start":{"line":43,"column":4},"end":{"line":44,"column":null}},"7":{"start":{"line":44,"column":6},"end":{"line":44,"column":null}},"8":{"start":{"line":47,"column":4},"end":{"line":51,"column":null}},"9":{"start":{"line":54,"column":4},"end":{"line":54,"column":null}},"10":{"start":{"line":64,"column":16},"end":{"line":64,"column":43}},"11":{"start":{"line":65,"column":2},"end":{"line":65,"column":null}},"12":{"start":{"line":66,"column":2},"end":{"line":66,"column":null}},"13":{"start":{"line":76,"column":18},"end":{"line":76,"column":65}},"14":{"start":{"line":77,"column":29},"end":{"line":77,"column":70}},"15":{"start":{"line":80,"column":2},"end":{"line":80,"column":null}},"16":{"start":{"line":81,"column":2},"end":{"line":81,"column":null}},"17":{"start":{"line":81,"column":54},"end":{"line":81,"column":71}},"18":{"start":{"line":91,"column":25},"end":{"line":91,"column":72}},"19":{"start":{"line":92,"column":32},"end":{"line":92,"column":83}},"20":{"start":{"line":95,"column":2},"end":{"line":95,"column":null}},"21":{"start":{"line":96,"column":2},"end":{"line":96,"column":null}},"22":{"start":{"line":96,"column":54},"end":{"line":96,"column":71}},"23":{"start":{"line":107,"column":15},"end":{"line":107,"column":55}},"24":{"start":{"line":108,"column":2},"end":{"line":115,"column":null}},"25":{"start":{"line":109,"column":20},"end":{"line":109,"column":67}},"26":{"start":{"line":110,"column":34},"end":{"line":110,"column":78}},"27":{"start":{"line":113,"column":4},"end":{"line":115,"column":null}},"28":{"start":{"line":113,"column":28},"end":{"line":113,"column":39}},"29":{"start":{"line":114,"column":6},"end":{"line":114,"column":null}},"30":{"start":{"line":115,"column":6},"end":{"line":115,"column":null}},"31":{"start":{"line":127,"column":18},"end":{"line":127,"column":58}},"32":{"start":{"line":128,"column":2},"end":{"line":143,"column":null}},"33":{"start":{"line":129,"column":25},"end":{"line":132,"column":15}},"34":{"start":{"line":130,"column":21},"end":{"line":130,"column":32}},"35":{"start":{"line":131,"column":18},"end":{"line":131,"column":23}},"36":{"start":{"line":133,"column":20},"end":{"line":136,"column":15}},"37":{"start":{"line":134,"column":21},"end":{"line":134,"column":33}},"38":{"start":{"line":135,"column":18},"end":{"line":135,"column":23}},"39":{"start":{"line":138,"column":4},"end":{"line":143,"column":null}},"40":{"start":{"line":139,"column":6},"end":{"line":143,"column":null}},"41":{"start":{"line":146,"column":2},"end":{"line":146,"column":null}}},"fnMap":{"0":{"name":"createEditorState","decl":{"start":{"line":20,"column":16},"end":{"line":20,"column":34}},"loc":{"start":{"line":20,"column":74},"end":{"line":25,"column":null}},"line":20},"1":{"name":"fuzzyMatch","decl":{"start":{"line":34,"column":16},"end":{"line":34,"column":null}},"loc":{"start":{"line":38,"column":15},"end":{"line":54,"column":null}},"line":38},"2":{"name":"fullDiff","decl":{"start":{"line":63,"column":16},"end":{"line":63,"column":25}},"loc":{"start":{"line":63,"column":80},"end":{"line":66,"column":null}},"line":63},"3":{"name":"acceptDiff","decl":{"start":{"line":75,"column":16},"end":{"line":75,"column":27}},"loc":{"start":{"line":75,"column":59},"end":{"line":81,"column":null}},"line":75},"4":{"name":"(anonymous_4)","decl":{"start":{"line":81,"column":40},"end":{"line":81,"column":48}},"loc":{"start":{"line":81,"column":54},"end":{"line":81,"column":71}},"line":81},"5":{"name":"discardDiff","decl":{"start":{"line":90,"column":16},"end":{"line":90,"column":28}},"loc":{"start":{"line":90,"column":60},"end":{"line":96,"column":null}},"line":90},"6":{"name":"(anonymous_6)","decl":{"start":{"line":96,"column":40},"end":{"line":96,"column":48}},"loc":{"start":{"line":96,"column":54},"end":{"line":96,"column":71}},"line":96},"7":{"name":"externalUpdateFragment","decl":{"start":{"line":106,"column":16},"end":{"line":106,"column":39}},"loc":{"start":{"line":106,"column":80},"end":{"line":115,"column":null}},"line":106},"8":{"name":"(anonymous_8)","decl":{"start":{"line":113,"column":16},"end":{"line":113,"column":22}},"loc":{"start":{"line":113,"column":28},"end":{"line":113,"column":39}},"line":113},"9":{"name":"externalUpdateAll","decl":{"start":{"line":126,"column":16},"end":{"line":126,"column":34}},"loc":{"start":{"line":126,"column":68},"end":{"line":146,"column":null}},"line":126},"10":{"name":"(anonymous_10)","decl":{"start":{"line":130,"column":7},"end":{"line":130,"column":15}},"loc":{"start":{"line":130,"column":21},"end":{"line":130,"column":32}},"line":130},"11":{"name":"(anonymous_11)","decl":{"start":{"line":131,"column":7},"end":{"line":131,"column":12}},"loc":{"start":{"line":131,"column":18},"end":{"line":131,"column":23}},"line":131},"12":{"name":"(anonymous_12)","decl":{"start":{"line":134,"column":7},"end":{"line":134,"column":15}},"loc":{"start":{"line":134,"column":21},"end":{"line":134,"column":33}},"line":134},"13":{"name":"(anonymous_13)","decl":{"start":{"line":135,"column":7},"end":{"line":135,"column":12}},"loc":{"start":{"line":135,"column":18},"end":{"line":135,"column":23}},"line":135}},"branchMap":{"0":{"loc":{"start":{"line":20,"column":34},"end":{"line":20,"column":74}},"type":"default-arg","locations":[{"start":{"line":20,"column":57},"end":{"line":20,"column":74}}],"line":20},"1":{"loc":{"start":{"line":37,"column":2},"end":{"line":37,"column":null}},"type":"default-arg","locations":[{"start":{"line":37,"column":32},"end":{"line":37,"column":null}}],"line":37},"2":{"loc":{"start":{"line":43,"column":4},"end":{"line":44,"column":null}},"type":"if","locations":[{"start":{"line":43,"column":4},"end":{"line":44,"column":null}},{"start":{},"end":{}}],"line":43},"3":{"loc":{"start":{"line":108,"column":2},"end":{"line":115,"column":null}},"type":"if","locations":[{"start":{"line":108,"column":2},"end":{"line":115,"column":null}},{"start":{},"end":{}}],"line":108},"4":{"loc":{"start":{"line":113,"column":4},"end":{"line":115,"column":null}},"type":"if","locations":[{"start":{"line":113,"column":4},"end":{"line":115,"column":null}},{"start":{},"end":{}}],"line":113},"5":{"loc":{"start":{"line":138,"column":4},"end":{"line":143,"column":null}},"type":"if","locations":[{"start":{"line":138,"column":4},"end":{"line":143,"column":null}},{"start":{},"end":{}}],"line":138}},"s":{"0":1,"1":5,"2":5,"3":5,"4":5,"5":5,"6":5,"7":2,"8":3,"9":5,"10":1,"11":1,"12":1,"13":1,"14":1,"15":1,"16":1,"17":1,"18":1,"19":1,"20":1,"21":1,"22":1,"23":2,"24":2,"25":1,"26":1,"27":1,"28":1,"29":1,"30":1,"31":1,"32":1,"33":1,"34":4,"35":3,"36":1,"37":4,"38":3,"39":1,"40":1,"41":1},"f":{"0":5,"1":5,"2":1,"3":1,"4":1,"5":1,"6":1,"7":2,"8":1,"9":1,"10":4,"11":3,"12":4,"13":3},"b":{"0":[5],"1":[5],"2":[2,3],"3":[1,1],"4":[1,0],"5":[1,0]},"meta":{"lastBranch":6,"lastFunction":14,"lastStatement":42,"seen":{"s:3:12:3:32":0,"f:20:16:20:34":0,"b:20:57:20:74":0,"s:21:2:25:Infinity":1,"f:34:16:34:Infinity":1,"b:37:32:37:Infinity":1,"s:39:33:39:Infinity":2,"s:40:2:54:Infinity":3,"s:41:4:41:Infinity":4,"s:42:16:42:63":5,"b:43:4:44:Infinity:undefined:undefined:undefined:undefined":2,"s:43:4:44:Infinity":6,"s:44:6:44:Infinity":7,"s:47:4:51:Infinity":8,"s:54:4:54:Infinity":9,"f:63:16:63:25":2,"s:64:16:64:43":10,"s:65:2:65:Infinity":11,"s:66:2:66:Infinity":12,"f:75:16:75:27":3,"s:76:18:76:65":13,"s:77:29:77:70":14,"s:80:2:80:Infinity":15,"s:81:2:81:Infinity":16,"f:81:40:81:48":4,"s:81:54:81:71":17,"f:90:16:90:28":5,"s:91:25:91:72":18,"s:92:32:92:83":19,"s:95:2:95:Infinity":20,"s:96:2:96:Infinity":21,"f:96:40:96:48":6,"s:96:54:96:71":22,"f:106:16:106:39":7,"s:107:15:107:55":23,"b:108:2:115:Infinity:undefined:undefined:undefined:undefined":3,"s:108:2:115:Infinity":24,"s:109:20:109:67":25,"s:110:34:110:78":26,"b:113:4:115:Infinity:undefined:undefined:undefined:undefined":4,"s:113:4:115:Infinity":27,"f:113:16:113:22":8,"s:113:28:113:39":28,"s:114:6:114:Infinity":29,"s:115:6:115:Infinity":30,"f:126:16:126:34":9,"s:127:18:127:58":31,"s:128:2:143:Infinity":32,"s:129:25:132:15":33,"f:130:7:130:15":10,"s:130:21:130:32":34,"f:131:7:131:12":11,"s:131:18:131:23":35,"s:133:20:136:15":36,"f:134:7:134:15":12,"s:134:21:134:33":37,"f:135:7:135:12":13,"s:135:18:135:23":38,"b:138:4:143:Infinity:undefined:undefined:undefined:undefined":5,"s:138:4:143:Infinity":39,"s:139:6:143:Infinity":40,"s:146:2:146:Infinity":41}}}
}
